<?xml version="1.0" encoding="UTF-8"?>
<testng-results skipped="1" failed="0" ignored="0" total="1" passed="0">
  <reporter-output>
    <line>
      <![CDATA[open the browser]]>
    </line>
  </reporter-output>
  <suite name="Default suite" duration-ms="1663" started-at="2021-01-10T13:23:48 IST" finished-at="2021-01-10T13:23:50 IST">
    <groups>
    </groups>
    <test name="Default test" duration-ms="1663" started-at="2021-01-10T13:23:48 IST" finished-at="2021-01-10T13:23:50 IST">
      <class name="com.actiTimeProject.testscripts.CustomerModule">
        <test-method status="FAIL" signature="openBrowser()[pri:0, instance:com.actiTimeProject.testscripts.CustomerModule@32709393]" name="openBrowser" is-config="true" duration-ms="1571" started-at="2021-01-10T13:23:48 IST" finished-at="2021-01-10T13:23:50 IST">
          <exception class="org.openqa.selenium.WebDriverException">
            <message>
              <![CDATA[unknown error: cannot find Chrome binary
Build info: version: '3.141.59', revision: 'e82be7d358', time: '2018-11-14T08:25:53'
System info: host: 'DESKTOP-GK7GA7K', ip: '192.168.170.1', os.name: 'Windows 10', os.arch: 'amd64', os.version: '10.0', java.version: '1.8.0_261'
Driver info: driver.version: ChromeDriver
remote stacktrace: Backtrace:
Ordinal0 [0x00DE87E3+2852835]
Ordinal0 [0x00CD5BB1+1727409]
Ordinal0 [0x00BAE4B9+517305]
Ordinal0 [0x00B3CA98+51864]
Ordinal0 [0x00B5D9F7+186871]
Ordinal0 [0x00B5D7FD+186365]
Ordinal0 [0x00B5B70B+177931]
Ordinal0 [0x00B42584+75140]
Ordinal0 [0x00B43650+79440]
Ordinal0 [0x00B435E9+79337]
Ordinal0 [0x00CEAD5C+1813852]
GetHandleVerifier [0x00F0C616+1075574]
GetHandleVerifier [0x00F0C367+1074887]
GetHandleVerifier [0x00F17497+1120247]
GetHandleVerifier [0x00F0CC16+1077110]
Ordinal0 [0x00CE3206+1782278]
Ordinal0 [0x00CEC3BB+1819579]
Ordinal0 [0x00CEC523+1819939]
Ordinal0 [0x00D02B45+1911621]
BaseThreadInitThunk [0x74BC62C4+36]
RtlSubscribeWnfStateChangeNotification [0x77950609+1081]
RtlSubscribeWnfStateChangeNotification [0x779505D4+1028]
]]>
            </message>
            <full-stacktrace>
              <![CDATA[org.openqa.selenium.WebDriverException: unknown error: cannot find Chrome binary
Build info: version: '3.141.59', revision: 'e82be7d358', time: '2018-11-14T08:25:53'
System info: host: 'DESKTOP-GK7GA7K', ip: '192.168.170.1', os.name: 'Windows 10', os.arch: 'amd64', os.version: '10.0', java.version: '1.8.0_261'
Driver info: driver.version: ChromeDriver
remote stacktrace: Backtrace:
Ordinal0 [0x00DE87E3+2852835]
Ordinal0 [0x00CD5BB1+1727409]
Ordinal0 [0x00BAE4B9+517305]
Ordinal0 [0x00B3CA98+51864]
Ordinal0 [0x00B5D9F7+186871]
Ordinal0 [0x00B5D7FD+186365]
Ordinal0 [0x00B5B70B+177931]
Ordinal0 [0x00B42584+75140]
Ordinal0 [0x00B43650+79440]
Ordinal0 [0x00B435E9+79337]
Ordinal0 [0x00CEAD5C+1813852]
GetHandleVerifier [0x00F0C616+1075574]
GetHandleVerifier [0x00F0C367+1074887]
GetHandleVerifier [0x00F17497+1120247]
GetHandleVerifier [0x00F0CC16+1077110]
Ordinal0 [0x00CE3206+1782278]
Ordinal0 [0x00CEC3BB+1819579]
Ordinal0 [0x00CEC523+1819939]
Ordinal0 [0x00D02B45+1911621]
BaseThreadInitThunk [0x74BC62C4+36]
RtlSubscribeWnfStateChangeNotification [0x77950609+1081]
RtlSubscribeWnfStateChangeNotification [0x779505D4+1028]

at sun.reflect.NativeConstructorAccessorImpl.newInstance0(Native Method)
at sun.reflect.NativeConstructorAccessorImpl.newInstance(NativeConstructorAccessorImpl.java:62)
at sun.reflect.DelegatingConstructorAccessorImpl.newInstance(DelegatingConstructorAccessorImpl.java:45)
at java.lang.reflect.Constructor.newInstance(Constructor.java:423)
at org.openqa.selenium.remote.W3CHandshakeResponse.lambda$errorHandler$0(W3CHandshakeResponse.java:62)
at org.openqa.selenium.remote.HandshakeResponse.lambda$getResponseFunction$0(HandshakeResponse.java:30)
at org.openqa.selenium.remote.ProtocolHandshake.lambda$createSession$0(ProtocolHandshake.java:126)
at java.util.stream.ReferencePipeline$3$1.accept(ReferencePipeline.java:193)
at java.util.Spliterators$ArraySpliterator.tryAdvance(Spliterators.java:958)
at java.util.stream.ReferencePipeline.forEachWithCancel(ReferencePipeline.java:126)
at java.util.stream.AbstractPipeline.copyIntoWithCancel(AbstractPipeline.java:499)
at java.util.stream.AbstractPipeline.copyInto(AbstractPipeline.java:486)
at java.util.stream.AbstractPipeline.wrapAndCopyInto(AbstractPipeline.java:472)
at java.util.stream.FindOps$FindOp.evaluateSequential(FindOps.java:152)
at java.util.stream.AbstractPipeline.evaluate(AbstractPipeline.java:234)
at java.util.stream.ReferencePipeline.findFirst(ReferencePipeline.java:464)
at org.openqa.selenium.remote.ProtocolHandshake.createSession(ProtocolHandshake.java:128)
at org.openqa.selenium.remote.ProtocolHandshake.createSession(ProtocolHandshake.java:74)
at org.openqa.selenium.remote.HttpCommandExecutor.execute(HttpCommandExecutor.java:136)
at org.openqa.selenium.remote.service.DriverCommandExecutor.execute(DriverCommandExecutor.java:83)
at org.openqa.selenium.remote.RemoteWebDriver.execute(RemoteWebDriver.java:552)
at org.openqa.selenium.remote.RemoteWebDriver.startSession(RemoteWebDriver.java:213)
at org.openqa.selenium.remote.RemoteWebDriver.<init>(RemoteWebDriver.java:131)
at org.openqa.selenium.chrome.ChromeDriver.<init>(ChromeDriver.java:181)
at org.openqa.selenium.chrome.ChromeDriver.<init>(ChromeDriver.java:168)
at org.openqa.selenium.chrome.ChromeDriver.<init>(ChromeDriver.java:123)
at com.actiTimeProject.generic.Baseclass.openBrowser(Baseclass.java:27)
at sun.reflect.NativeMethodAccessorImpl.invoke0(Native Method)
at sun.reflect.NativeMethodAccessorImpl.invoke(NativeMethodAccessorImpl.java:62)
at sun.reflect.DelegatingMethodAccessorImpl.invoke(DelegatingMethodAccessorImpl.java:43)
at java.lang.reflect.Method.invoke(Method.java:498)
at org.testng.internal.MethodInvocationHelper.invokeMethod(MethodInvocationHelper.java:132)
at org.testng.internal.MethodInvocationHelper.invokeMethodConsideringTimeout(MethodInvocationHelper.java:61)
at org.testng.internal.ConfigInvoker.invokeConfigurationMethod(ConfigInvoker.java:366)
at org.testng.internal.ConfigInvoker.invokeConfigurations(ConfigInvoker.java:320)
at org.testng.internal.TestMethodWorker.invokeBeforeClassMethods(TestMethodWorker.java:176)
at org.testng.internal.TestMethodWorker.run(TestMethodWorker.java:122)
at java.util.ArrayList.forEach(ArrayList.java:1259)
at org.testng.TestRunner.privateRun(TestRunner.java:764)
at org.testng.TestRunner.run(TestRunner.java:585)
at org.testng.SuiteRunner.runTest(SuiteRunner.java:384)
at org.testng.SuiteRunner.runSequentially(SuiteRunner.java:378)
at org.testng.SuiteRunner.privateRun(SuiteRunner.java:337)
at org.testng.SuiteRunner.run(SuiteRunner.java:286)
at org.testng.SuiteRunnerWorker.runSuite(SuiteRunnerWorker.java:53)
at org.testng.SuiteRunnerWorker.run(SuiteRunnerWorker.java:96)
at org.testng.TestNG.runSuitesSequentially(TestNG.java:1218)
at org.testng.TestNG.runSuitesLocally(TestNG.java:1140)
at org.testng.TestNG.runSuites(TestNG.java:1069)
at org.testng.TestNG.run(TestNG.java:1037)
at org.testng.remote.AbstractRemoteTestNG.run(AbstractRemoteTestNG.java:115)
at org.testng.remote.RemoteTestNG.initAndRun(RemoteTestNG.java:251)
at org.testng.remote.RemoteTestNG.main(RemoteTestNG.java:77)
]]>
            </full-stacktrace>
          </exception> <!-- org.openqa.selenium.WebDriverException -->
          <reporter-output>
            <line>
              <![CDATA[open the browser]]>
            </line>
          </reporter-output>
        </test-method> <!-- openBrowser -->
        <test-method status="SKIP" signature="testCreateCustomer()[pri:0, instance:com.actiTimeProject.testscripts.CustomerModule@32709393]" name="testCreateCustomer" duration-ms="0" started-at="2021-01-10T13:23:50 IST" finished-at="2021-01-10T13:23:50 IST">
          <exception class="org.openqa.selenium.WebDriverException">
            <message>
              <![CDATA[unknown error: cannot find Chrome binary
Build info: version: '3.141.59', revision: 'e82be7d358', time: '2018-11-14T08:25:53'
System info: host: 'DESKTOP-GK7GA7K', ip: '192.168.170.1', os.name: 'Windows 10', os.arch: 'amd64', os.version: '10.0', java.version: '1.8.0_261'
Driver info: driver.version: ChromeDriver
remote stacktrace: Backtrace:
Ordinal0 [0x00DE87E3+2852835]
Ordinal0 [0x00CD5BB1+1727409]
Ordinal0 [0x00BAE4B9+517305]
Ordinal0 [0x00B3CA98+51864]
Ordinal0 [0x00B5D9F7+186871]
Ordinal0 [0x00B5D7FD+186365]
Ordinal0 [0x00B5B70B+177931]
Ordinal0 [0x00B42584+75140]
Ordinal0 [0x00B43650+79440]
Ordinal0 [0x00B435E9+79337]
Ordinal0 [0x00CEAD5C+1813852]
GetHandleVerifier [0x00F0C616+1075574]
GetHandleVerifier [0x00F0C367+1074887]
GetHandleVerifier [0x00F17497+1120247]
GetHandleVerifier [0x00F0CC16+1077110]
Ordinal0 [0x00CE3206+1782278]
Ordinal0 [0x00CEC3BB+1819579]
Ordinal0 [0x00CEC523+1819939]
Ordinal0 [0x00D02B45+1911621]
BaseThreadInitThunk [0x74BC62C4+36]
RtlSubscribeWnfStateChangeNotification [0x77950609+1081]
RtlSubscribeWnfStateChangeNotification [0x779505D4+1028]
]]>
            </message>
            <full-stacktrace>
              <![CDATA[org.openqa.selenium.WebDriverException: unknown error: cannot find Chrome binary
Build info: version: '3.141.59', revision: 'e82be7d358', time: '2018-11-14T08:25:53'
System info: host: 'DESKTOP-GK7GA7K', ip: '192.168.170.1', os.name: 'Windows 10', os.arch: 'amd64', os.version: '10.0', java.version: '1.8.0_261'
Driver info: driver.version: ChromeDriver
remote stacktrace: Backtrace:
Ordinal0 [0x00DE87E3+2852835]
Ordinal0 [0x00CD5BB1+1727409]
Ordinal0 [0x00BAE4B9+517305]
Ordinal0 [0x00B3CA98+51864]
Ordinal0 [0x00B5D9F7+186871]
Ordinal0 [0x00B5D7FD+186365]
Ordinal0 [0x00B5B70B+177931]
Ordinal0 [0x00B42584+75140]
Ordinal0 [0x00B43650+79440]
Ordinal0 [0x00B435E9+79337]
Ordinal0 [0x00CEAD5C+1813852]
GetHandleVerifier [0x00F0C616+1075574]
GetHandleVerifier [0x00F0C367+1074887]
GetHandleVerifier [0x00F17497+1120247]
GetHandleVerifier [0x00F0CC16+1077110]
Ordinal0 [0x00CE3206+1782278]
Ordinal0 [0x00CEC3BB+1819579]
Ordinal0 [0x00CEC523+1819939]
Ordinal0 [0x00D02B45+1911621]
BaseThreadInitThunk [0x74BC62C4+36]
RtlSubscribeWnfStateChangeNotification [0x77950609+1081]
RtlSubscribeWnfStateChangeNotification [0x779505D4+1028]

at sun.reflect.NativeConstructorAccessorImpl.newInstance0(Native Method)
at sun.reflect.NativeConstructorAccessorImpl.newInstance(NativeConstructorAccessorImpl.java:62)
at sun.reflect.DelegatingConstructorAccessorImpl.newInstance(DelegatingConstructorAccessorImpl.java:45)
at java.lang.reflect.Constructor.newInstance(Constructor.java:423)
at org.openqa.selenium.remote.W3CHandshakeResponse.lambda$errorHandler$0(W3CHandshakeResponse.java:62)
at org.openqa.selenium.remote.HandshakeResponse.lambda$getResponseFunction$0(HandshakeResponse.java:30)
at org.openqa.selenium.remote.ProtocolHandshake.lambda$createSession$0(ProtocolHandshake.java:126)
at java.util.stream.ReferencePipeline$3$1.accept(ReferencePipeline.java:193)
at java.util.Spliterators$ArraySpliterator.tryAdvance(Spliterators.java:958)
at java.util.stream.ReferencePipeline.forEachWithCancel(ReferencePipeline.java:126)
at java.util.stream.AbstractPipeline.copyIntoWithCancel(AbstractPipeline.java:499)
at java.util.stream.AbstractPipeline.copyInto(AbstractPipeline.java:486)
at java.util.stream.AbstractPipeline.wrapAndCopyInto(AbstractPipeline.java:472)
at java.util.stream.FindOps$FindOp.evaluateSequential(FindOps.java:152)
at java.util.stream.AbstractPipeline.evaluate(AbstractPipeline.java:234)
at java.util.stream.ReferencePipeline.findFirst(ReferencePipeline.java:464)
at org.openqa.selenium.remote.ProtocolHandshake.createSession(ProtocolHandshake.java:128)
at org.openqa.selenium.remote.ProtocolHandshake.createSession(ProtocolHandshake.java:74)
at org.openqa.selenium.remote.HttpCommandExecutor.execute(HttpCommandExecutor.java:136)
at org.openqa.selenium.remote.service.DriverCommandExecutor.execute(DriverCommandExecutor.java:83)
at org.openqa.selenium.remote.RemoteWebDriver.execute(RemoteWebDriver.java:552)
at org.openqa.selenium.remote.RemoteWebDriver.startSession(RemoteWebDriver.java:213)
at org.openqa.selenium.remote.RemoteWebDriver.<init>(RemoteWebDriver.java:131)
at org.openqa.selenium.chrome.ChromeDriver.<init>(ChromeDriver.java:181)
at org.openqa.selenium.chrome.ChromeDriver.<init>(ChromeDriver.java:168)
at org.openqa.selenium.chrome.ChromeDriver.<init>(ChromeDriver.java:123)
at com.actiTimeProject.generic.Baseclass.openBrowser(Baseclass.java:27)
at sun.reflect.NativeMethodAccessorImpl.invoke0(Native Method)
at sun.reflect.NativeMethodAccessorImpl.invoke(NativeMethodAccessorImpl.java:62)
at sun.reflect.DelegatingMethodAccessorImpl.invoke(DelegatingMethodAccessorImpl.java:43)
at java.lang.reflect.Method.invoke(Method.java:498)
at org.testng.internal.MethodInvocationHelper.invokeMethod(MethodInvocationHelper.java:132)
at org.testng.internal.MethodInvocationHelper.invokeMethodConsideringTimeout(MethodInvocationHelper.java:61)
at org.testng.internal.ConfigInvoker.invokeConfigurationMethod(ConfigInvoker.java:366)
at org.testng.internal.ConfigInvoker.invokeConfigurations(ConfigInvoker.java:320)
at org.testng.internal.TestMethodWorker.invokeBeforeClassMethods(TestMethodWorker.java:176)
at org.testng.internal.TestMethodWorker.run(TestMethodWorker.java:122)
at java.util.ArrayList.forEach(ArrayList.java:1259)
at org.testng.TestRunner.privateRun(TestRunner.java:764)
at org.testng.TestRunner.run(TestRunner.java:585)
at org.testng.SuiteRunner.runTest(SuiteRunner.java:384)
at org.testng.SuiteRunner.runSequentially(SuiteRunner.java:378)
at org.testng.SuiteRunner.privateRun(SuiteRunner.java:337)
at org.testng.SuiteRunner.run(SuiteRunner.java:286)
at org.testng.SuiteRunnerWorker.runSuite(SuiteRunnerWorker.java:53)
at org.testng.SuiteRunnerWorker.run(SuiteRunnerWorker.java:96)
at org.testng.TestNG.runSuitesSequentially(TestNG.java:1218)
at org.testng.TestNG.runSuitesLocally(TestNG.java:1140)
at org.testng.TestNG.runSuites(TestNG.java:1069)
at org.testng.TestNG.run(TestNG.java:1037)
at org.testng.remote.AbstractRemoteTestNG.run(AbstractRemoteTestNG.java:115)
at org.testng.remote.RemoteTestNG.initAndRun(RemoteTestNG.java:251)
at org.testng.remote.RemoteTestNG.main(RemoteTestNG.java:77)
]]>
            </full-stacktrace>
          </exception> <!-- org.openqa.selenium.WebDriverException -->
          <reporter-output>
          </reporter-output>
        </test-method> <!-- testCreateCustomer -->
        <test-method status="SKIP" signature="login()[pri:0, instance:com.actiTimeProject.testscripts.CustomerModule@32709393]" name="login" is-config="true" duration-ms="-1610265230605" started-at="2021-01-10T13:23:50 IST" finished-at="1970-01-01T05:30:00 IST">
          <reporter-output>
          </reporter-output>
        </test-method> <!-- login -->
        <test-method status="SKIP" signature="logout()[pri:0, instance:com.actiTimeProject.testscripts.CustomerModule@32709393]" name="logout" is-config="true" duration-ms="-1610265230613" started-at="2021-01-10T13:23:50 IST" finished-at="1970-01-01T05:30:00 IST">
          <reporter-output>
          </reporter-output>
        </test-method> <!-- logout -->
        <test-method status="SKIP" signature="closeBrowser()[pri:0, instance:com.actiTimeProject.testscripts.CustomerModule@32709393]" name="closeBrowser" is-config="true" duration-ms="-1610265230628" started-at="2021-01-10T13:23:50 IST" finished-at="1970-01-01T05:30:00 IST">
          <reporter-output>
          </reporter-output>
        </test-method> <!-- closeBrowser -->
      </class> <!-- com.actiTimeProject.testscripts.CustomerModule -->
    </test> <!-- Default test -->
  </suite> <!-- Default suite -->
</testng-results>
